Warning[205] D:\SEM_7\MICRO_PROCESSEUR_I\TP\MP\MP3\NEW FOLDER\TP3EX2.X\TP2EX2.ASM 1 : Found directive in column 1. (LIST)
Warning[205] D:\SEM_7\MICRO_PROCESSEUR_I\TP\MP\MP3\NEW FOLDER\TP3EX2.X\TP2EX2.ASM 3 : Found directive in column 1. (__CONFIG)
Warning[205] D:\SEM_7\MICRO_PROCESSEUR_I\TP\MP\MP3\NEW FOLDER\TP3EX2.X\TP2EX2.ASM 4 : Found directive in column 1. (ORG)
Warning[205] D:\SEM_7\MICRO_PROCESSEUR_I\TP\MP\MP3\NEW FOLDER\TP3EX2.X\TP2EX2.ASM 6 : Found directive in column 1. (ORG)
Warning[203] D:\SEM_7\MICRO_PROCESSEUR_I\TP\MP\MP3\NEW FOLDER\TP3EX2.X\TP2EX2.ASM 8 : Found opcode in column 1. (BSF)
Warning[203] D:\SEM_7\MICRO_PROCESSEUR_I\TP\MP\MP3\NEW FOLDER\TP3EX2.X\TP2EX2.ASM 9 : Found opcode in column 1. (BSF)
Warning[203] D:\SEM_7\MICRO_PROCESSEUR_I\TP\MP\MP3\NEW FOLDER\TP3EX2.X\TP2EX2.ASM 10 : Found opcode in column 1. (CLRF)
Message[302] D:\SEM_7\MICRO_PROCESSEUR_I\TP\MP\MP3\NEW FOLDER\TP3EX2.X\TP2EX2.ASM 10 : Register in operand not in bank 0.  Ensure that bank bits are correct.
Warning[203] D:\SEM_7\MICRO_PROCESSEUR_I\TP\MP\MP3\NEW FOLDER\TP3EX2.X\TP2EX2.ASM 11 : Found opcode in column 1. (CLRF)
Message[302] D:\SEM_7\MICRO_PROCESSEUR_I\TP\MP\MP3\NEW FOLDER\TP3EX2.X\TP2EX2.ASM 11 : Register in operand not in bank 0.  Ensure that bank bits are correct.
Warning[203] D:\SEM_7\MICRO_PROCESSEUR_I\TP\MP\MP3\NEW FOLDER\TP3EX2.X\TP2EX2.ASM 12 : Found opcode in column 1. (BSF)
Warning[203] D:\SEM_7\MICRO_PROCESSEUR_I\TP\MP\MP3\NEW FOLDER\TP3EX2.X\TP2EX2.ASM 13 : Found opcode in column 1. (BCF)
Warning[203] D:\SEM_7\MICRO_PROCESSEUR_I\TP\MP\MP3\NEW FOLDER\TP3EX2.X\TP2EX2.ASM 15 : Found opcode in column 1. (movlw)
Warning[203] D:\SEM_7\MICRO_PROCESSEUR_I\TP\MP\MP3\NEW FOLDER\TP3EX2.X\TP2EX2.ASM 16 : Found opcode in column 1. (movwf)
Message[302] D:\SEM_7\MICRO_PROCESSEUR_I\TP\MP\MP3\NEW FOLDER\TP3EX2.X\TP2EX2.ASM 16 : Register in operand not in bank 0.  Ensure that bank bits are correct.
Warning[203] D:\SEM_7\MICRO_PROCESSEUR_I\TP\MP\MP3\NEW FOLDER\TP3EX2.X\TP2EX2.ASM 17 : Found opcode in column 1. (clrf)
Message[302] D:\SEM_7\MICRO_PROCESSEUR_I\TP\MP\MP3\NEW FOLDER\TP3EX2.X\TP2EX2.ASM 17 : Register in operand not in bank 0.  Ensure that bank bits are correct.
Warning[203] D:\SEM_7\MICRO_PROCESSEUR_I\TP\MP\MP3\NEW FOLDER\TP3EX2.X\TP2EX2.ASM 18 : Found opcode in column 1. (BCF)
Warning[203] D:\SEM_7\MICRO_PROCESSEUR_I\TP\MP\MP3\NEW FOLDER\TP3EX2.X\TP2EX2.ASM 19 : Found opcode in column 1. (BCF)
Warning[203] D:\SEM_7\MICRO_PROCESSEUR_I\TP\MP\MP3\NEW FOLDER\TP3EX2.X\TP2EX2.ASM 21 : Found opcode in column 1. (movlw)
Warning[203] D:\SEM_7\MICRO_PROCESSEUR_I\TP\MP\MP3\NEW FOLDER\TP3EX2.X\TP2EX2.ASM 22 : Found opcode in column 1. (clrf)
Warning[203] D:\SEM_7\MICRO_PROCESSEUR_I\TP\MP\MP3\NEW FOLDER\TP3EX2.X\TP2EX2.ASM 23 : Found opcode in column 1. (bcf)
Warning[203] D:\SEM_7\MICRO_PROCESSEUR_I\TP\MP\MP3\NEW FOLDER\TP3EX2.X\TP2EX2.ASM 24 : Found opcode in column 1. (bcf)
Warning[203] D:\SEM_7\MICRO_PROCESSEUR_I\TP\MP\MP3\NEW FOLDER\TP3EX2.X\TP2EX2.ASM 25 : Found opcode in column 1. (bcf)
Warning[203] D:\SEM_7\MICRO_PROCESSEUR_I\TP\MP\MP3\NEW FOLDER\TP3EX2.X\TP2EX2.ASM 26 : Found opcode in column 1. (bcf)
Warning[203] D:\SEM_7\MICRO_PROCESSEUR_I\TP\MP\MP3\NEW FOLDER\TP3EX2.X\TP2EX2.ASM 29 : Found opcode in column 1. (bcf)
Warning[203] D:\SEM_7\MICRO_PROCESSEUR_I\TP\MP\MP3\NEW FOLDER\TP3EX2.X\TP2EX2.ASM 30 : Found opcode in column 1. (bsf)
Warning[203] D:\SEM_7\MICRO_PROCESSEUR_I\TP\MP\MP3\NEW FOLDER\TP3EX2.X\TP2EX2.ASM 32 : Found opcode in column 1. (btfsc)
Warning[203] D:\SEM_7\MICRO_PROCESSEUR_I\TP\MP\MP3\NEW FOLDER\TP3EX2.X\TP2EX2.ASM 33 : Found opcode in column 1. (movlw)
Warning[203] D:\SEM_7\MICRO_PROCESSEUR_I\TP\MP\MP3\NEW FOLDER\TP3EX2.X\TP2EX2.ASM 35 : Found opcode in column 1. (btfsc)
Warning[203] D:\SEM_7\MICRO_PROCESSEUR_I\TP\MP\MP3\NEW FOLDER\TP3EX2.X\TP2EX2.ASM 36 : Found opcode in column 1. (movlw)
Warning[203] D:\SEM_7\MICRO_PROCESSEUR_I\TP\MP\MP3\NEW FOLDER\TP3EX2.X\TP2EX2.ASM 38 : Found opcode in column 1. (btfsc)
Warning[203] D:\SEM_7\MICRO_PROCESSEUR_I\TP\MP\MP3\NEW FOLDER\TP3EX2.X\TP2EX2.ASM 39 : Found opcode in column 1. (movlw)
Warning[203] D:\SEM_7\MICRO_PROCESSEUR_I\TP\MP\MP3\NEW FOLDER\TP3EX2.X\TP2EX2.ASM 41 : Found opcode in column 1. (bcf)
Warning[203] D:\SEM_7\MICRO_PROCESSEUR_I\TP\MP\MP3\NEW FOLDER\TP3EX2.X\TP2EX2.ASM 42 : Found opcode in column 1. (bsf)
Warning[203] D:\SEM_7\MICRO_PROCESSEUR_I\TP\MP\MP3\NEW FOLDER\TP3EX2.X\TP2EX2.ASM 46 : Found opcode in column 1. (btfsc)
Warning[203] D:\SEM_7\MICRO_PROCESSEUR_I\TP\MP\MP3\NEW FOLDER\TP3EX2.X\TP2EX2.ASM 47 : Found opcode in column 1. (movlw)
Warning[203] D:\SEM_7\MICRO_PROCESSEUR_I\TP\MP\MP3\NEW FOLDER\TP3EX2.X\TP2EX2.ASM 49 : Found opcode in column 1. (btfsc)
Warning[203] D:\SEM_7\MICRO_PROCESSEUR_I\TP\MP\MP3\NEW FOLDER\TP3EX2.X\TP2EX2.ASM 50 : Found opcode in column 1. (movlw)
Warning[203] D:\SEM_7\MICRO_PROCESSEUR_I\TP\MP\MP3\NEW FOLDER\TP3EX2.X\TP2EX2.ASM 52 : Found opcode in column 1. (btfsc)
Warning[203] D:\SEM_7\MICRO_PROCESSEUR_I\TP\MP\MP3\NEW FOLDER\TP3EX2.X\TP2EX2.ASM 53 : Found opcode in column 1. (movlw)
Warning[203] D:\SEM_7\MICRO_PROCESSEUR_I\TP\MP\MP3\NEW FOLDER\TP3EX2.X\TP2EX2.ASM 55 : Found opcode in column 1. (bcf)
Warning[203] D:\SEM_7\MICRO_PROCESSEUR_I\TP\MP\MP3\NEW FOLDER\TP3EX2.X\TP2EX2.ASM 56 : Found opcode in column 1. (bsf)
Warning[203] D:\SEM_7\MICRO_PROCESSEUR_I\TP\MP\MP3\NEW FOLDER\TP3EX2.X\TP2EX2.ASM 60 : Found opcode in column 1. (btfsc)
Warning[203] D:\SEM_7\MICRO_PROCESSEUR_I\TP\MP\MP3\NEW FOLDER\TP3EX2.X\TP2EX2.ASM 61 : Found opcode in column 1. (movlw)
Warning[203] D:\SEM_7\MICRO_PROCESSEUR_I\TP\MP\MP3\NEW FOLDER\TP3EX2.X\TP2EX2.ASM 63 : Found opcode in column 1. (btfsc)
Warning[203] D:\SEM_7\MICRO_PROCESSEUR_I\TP\MP\MP3\NEW FOLDER\TP3EX2.X\TP2EX2.ASM 64 : Found opcode in column 1. (movlw)
Warning[203] D:\SEM_7\MICRO_PROCESSEUR_I\TP\MP\MP3\NEW FOLDER\TP3EX2.X\TP2EX2.ASM 66 : Found opcode in column 1. (btfsc)
Warning[203] D:\SEM_7\MICRO_PROCESSEUR_I\TP\MP\MP3\NEW FOLDER\TP3EX2.X\TP2EX2.ASM 67 : Found opcode in column 1. (movlw)
Warning[203] D:\SEM_7\MICRO_PROCESSEUR_I\TP\MP\MP3\NEW FOLDER\TP3EX2.X\TP2EX2.ASM 69 : Found opcode in column 1. (bcf)
Warning[203] D:\SEM_7\MICRO_PROCESSEUR_I\TP\MP\MP3\NEW FOLDER\TP3EX2.X\TP2EX2.ASM 70 : Found opcode in column 1. (bsf)
Warning[203] D:\SEM_7\MICRO_PROCESSEUR_I\TP\MP\MP3\NEW FOLDER\TP3EX2.X\TP2EX2.ASM 72 : Found opcode in column 1. (btfsc)
Warning[203] D:\SEM_7\MICRO_PROCESSEUR_I\TP\MP\MP3\NEW FOLDER\TP3EX2.X\TP2EX2.ASM 73 : Found opcode in column 1. (movlw)
Warning[203] D:\SEM_7\MICRO_PROCESSEUR_I\TP\MP\MP3\NEW FOLDER\TP3EX2.X\TP2EX2.ASM 75 : Found opcode in column 1. (btfsc)
Warning[203] D:\SEM_7\MICRO_PROCESSEUR_I\TP\MP\MP3\NEW FOLDER\TP3EX2.X\TP2EX2.ASM 76 : Found opcode in column 1. (movlw)
Warning[203] D:\SEM_7\MICRO_PROCESSEUR_I\TP\MP\MP3\NEW FOLDER\TP3EX2.X\TP2EX2.ASM 78 : Found opcode in column 1. (btfsc)
Warning[203] D:\SEM_7\MICRO_PROCESSEUR_I\TP\MP\MP3\NEW FOLDER\TP3EX2.X\TP2EX2.ASM 79 : Found opcode in column 1. (movlw)
Warning[203] D:\SEM_7\MICRO_PROCESSEUR_I\TP\MP\MP3\NEW FOLDER\TP3EX2.X\TP2EX2.ASM 81 : Found opcode in column 1. (nop)
Warning[203] D:\SEM_7\MICRO_PROCESSEUR_I\TP\MP\MP3\NEW FOLDER\TP3EX2.X\TP2EX2.ASM 82 : Found opcode in column 1. (nop)
Warning[203] D:\SEM_7\MICRO_PROCESSEUR_I\TP\MP\MP3\NEW FOLDER\TP3EX2.X\TP2EX2.ASM 83 : Found opcode in column 1. (nop)
Warning[203] D:\SEM_7\MICRO_PROCESSEUR_I\TP\MP\MP3\NEW FOLDER\TP3EX2.X\TP2EX2.ASM 86 : Found opcode in column 1. (movwf)
Warning[203] D:\SEM_7\MICRO_PROCESSEUR_I\TP\MP\MP3\NEW FOLDER\TP3EX2.X\TP2EX2.ASM 87 : Found opcode in column 1. (goto)
Warning[205] D:\SEM_7\MICRO_PROCESSEUR_I\TP\MP\MP3\NEW FOLDER\TP3EX2.X\TP2EX2.ASM 91 : Found directive in column 1. (end)
