Warning[205] D:\SEM_7\MICRO_PROCESSEUR_I\TP\MP\MP3\NEW FOLDER\EX5.X\EX5.ASM 2 : Found directive in column 1. (LIST)
Warning[205] D:\SEM_7\MICRO_PROCESSEUR_I\TP\MP\MP3\NEW FOLDER\EX5.X\EX5.ASM 4 : Found directive in column 1. (__CONFIG)
Warning[205] D:\SEM_7\MICRO_PROCESSEUR_I\TP\MP\MP3\NEW FOLDER\EX5.X\EX5.ASM 5 : Found directive in column 1. (ORG)
Warning[205] D:\SEM_7\MICRO_PROCESSEUR_I\TP\MP\MP3\NEW FOLDER\EX5.X\EX5.ASM 9 : Found directive in column 1. (ORG)
Warning[203] D:\SEM_7\MICRO_PROCESSEUR_I\TP\MP\MP3\NEW FOLDER\EX5.X\EX5.ASM 11 : Found opcode in column 1. (BSF)
Warning[203] D:\SEM_7\MICRO_PROCESSEUR_I\TP\MP\MP3\NEW FOLDER\EX5.X\EX5.ASM 12 : Found opcode in column 1. (BSF)
Warning[203] D:\SEM_7\MICRO_PROCESSEUR_I\TP\MP\MP3\NEW FOLDER\EX5.X\EX5.ASM 13 : Found opcode in column 1. (CLRF)
Message[302] D:\SEM_7\MICRO_PROCESSEUR_I\TP\MP\MP3\NEW FOLDER\EX5.X\EX5.ASM 13 : Register in operand not in bank 0.  Ensure that bank bits are correct.
Warning[203] D:\SEM_7\MICRO_PROCESSEUR_I\TP\MP\MP3\NEW FOLDER\EX5.X\EX5.ASM 14 : Found opcode in column 1. (CLRF)
Message[302] D:\SEM_7\MICRO_PROCESSEUR_I\TP\MP\MP3\NEW FOLDER\EX5.X\EX5.ASM 14 : Register in operand not in bank 0.  Ensure that bank bits are correct.
Warning[203] D:\SEM_7\MICRO_PROCESSEUR_I\TP\MP\MP3\NEW FOLDER\EX5.X\EX5.ASM 16 : Found opcode in column 1. (BSF)
Warning[203] D:\SEM_7\MICRO_PROCESSEUR_I\TP\MP\MP3\NEW FOLDER\EX5.X\EX5.ASM 17 : Found opcode in column 1. (BCF)
Warning[203] D:\SEM_7\MICRO_PROCESSEUR_I\TP\MP\MP3\NEW FOLDER\EX5.X\EX5.ASM 18 : Found opcode in column 1. (CLRF)
Message[302] D:\SEM_7\MICRO_PROCESSEUR_I\TP\MP\MP3\NEW FOLDER\EX5.X\EX5.ASM 18 : Register in operand not in bank 0.  Ensure that bank bits are correct.
Warning[203] D:\SEM_7\MICRO_PROCESSEUR_I\TP\MP\MP3\NEW FOLDER\EX5.X\EX5.ASM 19 : Found opcode in column 1. (MOVLW)
Warning[203] D:\SEM_7\MICRO_PROCESSEUR_I\TP\MP\MP3\NEW FOLDER\EX5.X\EX5.ASM 20 : Found opcode in column 1. (MOVWF)
Message[302] D:\SEM_7\MICRO_PROCESSEUR_I\TP\MP\MP3\NEW FOLDER\EX5.X\EX5.ASM 20 : Register in operand not in bank 0.  Ensure that bank bits are correct.
Warning[203] D:\SEM_7\MICRO_PROCESSEUR_I\TP\MP\MP3\NEW FOLDER\EX5.X\EX5.ASM 22 : Found opcode in column 1. (BSF)
Message[302] D:\SEM_7\MICRO_PROCESSEUR_I\TP\MP\MP3\NEW FOLDER\EX5.X\EX5.ASM 22 : Register in operand not in bank 0.  Ensure that bank bits are correct.
Warning[203] D:\SEM_7\MICRO_PROCESSEUR_I\TP\MP\MP3\NEW FOLDER\EX5.X\EX5.ASM 23 : Found opcode in column 1. (BSF)
Message[302] D:\SEM_7\MICRO_PROCESSEUR_I\TP\MP\MP3\NEW FOLDER\EX5.X\EX5.ASM 23 : Register in operand not in bank 0.  Ensure that bank bits are correct.
Warning[203] D:\SEM_7\MICRO_PROCESSEUR_I\TP\MP\MP3\NEW FOLDER\EX5.X\EX5.ASM 24 : Found opcode in column 1. (BCF)
Message[302] D:\SEM_7\MICRO_PROCESSEUR_I\TP\MP\MP3\NEW FOLDER\EX5.X\EX5.ASM 24 : Register in operand not in bank 0.  Ensure that bank bits are correct.
Warning[203] D:\SEM_7\MICRO_PROCESSEUR_I\TP\MP\MP3\NEW FOLDER\EX5.X\EX5.ASM 28 : Found opcode in column 1. (BSF)
Warning[203] D:\SEM_7\MICRO_PROCESSEUR_I\TP\MP\MP3\NEW FOLDER\EX5.X\EX5.ASM 29 : Found opcode in column 1. (BSF)
Warning[203] D:\SEM_7\MICRO_PROCESSEUR_I\TP\MP\MP3\NEW FOLDER\EX5.X\EX5.ASM 30 : Found opcode in column 1. (BCF)
Warning[203] D:\SEM_7\MICRO_PROCESSEUR_I\TP\MP\MP3\NEW FOLDER\EX5.X\EX5.ASM 31 : Found opcode in column 1. (BCF)
Warning[203] D:\SEM_7\MICRO_PROCESSEUR_I\TP\MP\MP3\NEW FOLDER\EX5.X\EX5.ASM 32 : Found opcode in column 1. (CLRF)
Warning[203] D:\SEM_7\MICRO_PROCESSEUR_I\TP\MP\MP3\NEW FOLDER\EX5.X\EX5.ASM 33 : Found opcode in column 1. (CLRF)
Warning[203] D:\SEM_7\MICRO_PROCESSEUR_I\TP\MP\MP3\NEW FOLDER\EX5.X\EX5.ASM 35 : Found opcode in column 1. (MOVLW)
Warning[203] D:\SEM_7\MICRO_PROCESSEUR_I\TP\MP\MP3\NEW FOLDER\EX5.X\EX5.ASM 36 : Found opcode in column 1. (MOVWF)
Warning[203] D:\SEM_7\MICRO_PROCESSEUR_I\TP\MP\MP3\NEW FOLDER\EX5.X\EX5.ASM 38 : Found opcode in column 1. (MOVLW)
Warning[203] D:\SEM_7\MICRO_PROCESSEUR_I\TP\MP\MP3\NEW FOLDER\EX5.X\EX5.ASM 39 : Found opcode in column 1. (MOVWF)
Warning[207] D:\SEM_7\MICRO_PROCESSEUR_I\TP\MP\MP3\NEW FOLDER\EX5.X\EX5.ASM 43 : Found label after column 1. (LOOP1)
Warning[203] D:\SEM_7\MICRO_PROCESSEUR_I\TP\MP\MP3\NEW FOLDER\EX5.X\EX5.ASM 54 : Found opcode in column 1. (BCF)
Warning[203] D:\SEM_7\MICRO_PROCESSEUR_I\TP\MP\MP3\NEW FOLDER\EX5.X\EX5.ASM 55 : Found opcode in column 1. (MOVLW)
Warning[203] D:\SEM_7\MICRO_PROCESSEUR_I\TP\MP\MP3\NEW FOLDER\EX5.X\EX5.ASM 56 : Found opcode in column 1. (MOVWF)
Warning[203] D:\SEM_7\MICRO_PROCESSEUR_I\TP\MP\MP3\NEW FOLDER\EX5.X\EX5.ASM 57 : Found opcode in column 1. (MOVF)
Warning[203] D:\SEM_7\MICRO_PROCESSEUR_I\TP\MP\MP3\NEW FOLDER\EX5.X\EX5.ASM 58 : Found opcode in column 1. (call)
Warning[203] D:\SEM_7\MICRO_PROCESSEUR_I\TP\MP\MP3\NEW FOLDER\EX5.X\EX5.ASM 59 : Found opcode in column 1. (MOVWF)
Warning[203] D:\SEM_7\MICRO_PROCESSEUR_I\TP\MP\MP3\NEW FOLDER\EX5.X\EX5.ASM 60 : Found opcode in column 1. (DECFSZ)
Warning[203] D:\SEM_7\MICRO_PROCESSEUR_I\TP\MP\MP3\NEW FOLDER\EX5.X\EX5.ASM 61 : Found opcode in column 1. (RETFIE)
Warning[203] D:\SEM_7\MICRO_PROCESSEUR_I\TP\MP\MP3\NEW FOLDER\EX5.X\EX5.ASM 62 : Found opcode in column 1. (MOVLW)
Warning[203] D:\SEM_7\MICRO_PROCESSEUR_I\TP\MP\MP3\NEW FOLDER\EX5.X\EX5.ASM 63 : Found opcode in column 1. (MOVWF)
Warning[203] D:\SEM_7\MICRO_PROCESSEUR_I\TP\MP\MP3\NEW FOLDER\EX5.X\EX5.ASM 64 : Found opcode in column 1. (INCF)
Warning[203] D:\SEM_7\MICRO_PROCESSEUR_I\TP\MP\MP3\NEW FOLDER\EX5.X\EX5.ASM 65 : Found opcode in column 1. (MOVLW)
Warning[203] D:\SEM_7\MICRO_PROCESSEUR_I\TP\MP\MP3\NEW FOLDER\EX5.X\EX5.ASM 66 : Found opcode in column 1. (SUBWF)
Warning[203] D:\SEM_7\MICRO_PROCESSEUR_I\TP\MP\MP3\NEW FOLDER\EX5.X\EX5.ASM 67 : Found opcode in column 1. (BTFSC)
Warning[203] D:\SEM_7\MICRO_PROCESSEUR_I\TP\MP\MP3\NEW FOLDER\EX5.X\EX5.ASM 68 : Found opcode in column 1. (CLRF)
Warning[203] D:\SEM_7\MICRO_PROCESSEUR_I\TP\MP\MP3\NEW FOLDER\EX5.X\EX5.ASM 69 : Found opcode in column 1. (RETFIE)
Warning[203] D:\SEM_7\MICRO_PROCESSEUR_I\TP\MP\MP3\NEW FOLDER\EX5.X\EX5.ASM 74 : Found opcode in column 1. (ADDWF)
Warning[203] D:\SEM_7\MICRO_PROCESSEUR_I\TP\MP\MP3\NEW FOLDER\EX5.X\EX5.ASM 75 : Found opcode in column 1. (RETLW)
Warning[203] D:\SEM_7\MICRO_PROCESSEUR_I\TP\MP\MP3\NEW FOLDER\EX5.X\EX5.ASM 76 : Found opcode in column 1. (RETLW)
Warning[203] D:\SEM_7\MICRO_PROCESSEUR_I\TP\MP\MP3\NEW FOLDER\EX5.X\EX5.ASM 77 : Found opcode in column 1. (RETLW)
Warning[203] D:\SEM_7\MICRO_PROCESSEUR_I\TP\MP\MP3\NEW FOLDER\EX5.X\EX5.ASM 78 : Found opcode in column 1. (RETLW)
Warning[203] D:\SEM_7\MICRO_PROCESSEUR_I\TP\MP\MP3\NEW FOLDER\EX5.X\EX5.ASM 79 : Found opcode in column 1. (RETLW)
Warning[203] D:\SEM_7\MICRO_PROCESSEUR_I\TP\MP\MP3\NEW FOLDER\EX5.X\EX5.ASM 80 : Found opcode in column 1. (RETLW)
Warning[203] D:\SEM_7\MICRO_PROCESSEUR_I\TP\MP\MP3\NEW FOLDER\EX5.X\EX5.ASM 81 : Found opcode in column 1. (RETLW)
Warning[203] D:\SEM_7\MICRO_PROCESSEUR_I\TP\MP\MP3\NEW FOLDER\EX5.X\EX5.ASM 82 : Found opcode in column 1. (RETLW)
Warning[203] D:\SEM_7\MICRO_PROCESSEUR_I\TP\MP\MP3\NEW FOLDER\EX5.X\EX5.ASM 83 : Found opcode in column 1. (RETLW)
Warning[203] D:\SEM_7\MICRO_PROCESSEUR_I\TP\MP\MP3\NEW FOLDER\EX5.X\EX5.ASM 84 : Found opcode in column 1. (RETLW)
Warning[205] D:\SEM_7\MICRO_PROCESSEUR_I\TP\MP\MP3\NEW FOLDER\EX5.X\EX5.ASM 86 : Found directive in column 1. (END)
