Warning[205] D:\SEM_7\MICRO_PROCESSEUR_I\TP\MP\MP3\NEW FOLDER\TP3EX6.X\TP3EX6.ASM 1 : Found directive in column 1. (LIST)
Warning[205] D:\SEM_7\MICRO_PROCESSEUR_I\TP\MP\MP3\NEW FOLDER\TP3EX6.X\TP3EX6.ASM 3 : Found directive in column 1. (__CONFIG)
Warning[205] D:\SEM_7\MICRO_PROCESSEUR_I\TP\MP\MP3\NEW FOLDER\TP3EX6.X\TP3EX6.ASM 4 : Found directive in column 1. (ORG)
Warning[205] D:\SEM_7\MICRO_PROCESSEUR_I\TP\MP\MP3\NEW FOLDER\TP3EX6.X\TP3EX6.ASM 8 : Found directive in column 1. (ORG)
Warning[203] D:\SEM_7\MICRO_PROCESSEUR_I\TP\MP\MP3\NEW FOLDER\TP3EX6.X\TP3EX6.ASM 10 : Found opcode in column 1. (BSF)
Warning[203] D:\SEM_7\MICRO_PROCESSEUR_I\TP\MP\MP3\NEW FOLDER\TP3EX6.X\TP3EX6.ASM 11 : Found opcode in column 1. (BCF)
Warning[203] D:\SEM_7\MICRO_PROCESSEUR_I\TP\MP\MP3\NEW FOLDER\TP3EX6.X\TP3EX6.ASM 12 : Found opcode in column 1. (MOVLW)
Warning[203] D:\SEM_7\MICRO_PROCESSEUR_I\TP\MP\MP3\NEW FOLDER\TP3EX6.X\TP3EX6.ASM 13 : Found opcode in column 1. (MOVWF)
Message[302] D:\SEM_7\MICRO_PROCESSEUR_I\TP\MP\MP3\NEW FOLDER\TP3EX6.X\TP3EX6.ASM 13 : Register in operand not in bank 0.  Ensure that bank bits are correct.
Warning[203] D:\SEM_7\MICRO_PROCESSEUR_I\TP\MP\MP3\NEW FOLDER\TP3EX6.X\TP3EX6.ASM 14 : Found opcode in column 1. (CLRF)
Message[302] D:\SEM_7\MICRO_PROCESSEUR_I\TP\MP\MP3\NEW FOLDER\TP3EX6.X\TP3EX6.ASM 14 : Register in operand not in bank 0.  Ensure that bank bits are correct.
Warning[203] D:\SEM_7\MICRO_PROCESSEUR_I\TP\MP\MP3\NEW FOLDER\TP3EX6.X\TP3EX6.ASM 15 : Found opcode in column 1. (BSF)
Message[302] D:\SEM_7\MICRO_PROCESSEUR_I\TP\MP\MP3\NEW FOLDER\TP3EX6.X\TP3EX6.ASM 15 : Register in operand not in bank 0.  Ensure that bank bits are correct.
Warning[203] D:\SEM_7\MICRO_PROCESSEUR_I\TP\MP\MP3\NEW FOLDER\TP3EX6.X\TP3EX6.ASM 16 : Found opcode in column 1. (BCF)
Message[302] D:\SEM_7\MICRO_PROCESSEUR_I\TP\MP\MP3\NEW FOLDER\TP3EX6.X\TP3EX6.ASM 16 : Register in operand not in bank 0.  Ensure that bank bits are correct.
Warning[203] D:\SEM_7\MICRO_PROCESSEUR_I\TP\MP\MP3\NEW FOLDER\TP3EX6.X\TP3EX6.ASM 17 : Found opcode in column 1. (BSF)
Warning[203] D:\SEM_7\MICRO_PROCESSEUR_I\TP\MP\MP3\NEW FOLDER\TP3EX6.X\TP3EX6.ASM 18 : Found opcode in column 1. (BSF)
Warning[203] D:\SEM_7\MICRO_PROCESSEUR_I\TP\MP\MP3\NEW FOLDER\TP3EX6.X\TP3EX6.ASM 19 : Found opcode in column 1. (BCF)
Warning[203] D:\SEM_7\MICRO_PROCESSEUR_I\TP\MP\MP3\NEW FOLDER\TP3EX6.X\TP3EX6.ASM 20 : Found opcode in column 1. (BCF)
Warning[203] D:\SEM_7\MICRO_PROCESSEUR_I\TP\MP\MP3\NEW FOLDER\TP3EX6.X\TP3EX6.ASM 21 : Found opcode in column 1. (CLRF)
Warning[203] D:\SEM_7\MICRO_PROCESSEUR_I\TP\MP\MP3\NEW FOLDER\TP3EX6.X\TP3EX6.ASM 22 : Found opcode in column 1. (MOVLW)
Warning[203] D:\SEM_7\MICRO_PROCESSEUR_I\TP\MP\MP3\NEW FOLDER\TP3EX6.X\TP3EX6.ASM 23 : Found opcode in column 1. (MOVWF)
Warning[203] D:\SEM_7\MICRO_PROCESSEUR_I\TP\MP\MP3\NEW FOLDER\TP3EX6.X\TP3EX6.ASM 24 : Found opcode in column 1. (BCF)
Warning[207] D:\SEM_7\MICRO_PROCESSEUR_I\TP\MP\MP3\NEW FOLDER\TP3EX6.X\TP3EX6.ASM 27 : Found label after column 1. (??????.)
Warning[203] D:\SEM_7\MICRO_PROCESSEUR_I\TP\MP\MP3\NEW FOLDER\TP3EX6.X\TP3EX6.ASM 30 : Found opcode in column 1. (BCF)
Warning[203] D:\SEM_7\MICRO_PROCESSEUR_I\TP\MP\MP3\NEW FOLDER\TP3EX6.X\TP3EX6.ASM 31 : Found opcode in column 1. (MOVLW)
Warning[203] D:\SEM_7\MICRO_PROCESSEUR_I\TP\MP\MP3\NEW FOLDER\TP3EX6.X\TP3EX6.ASM 32 : Found opcode in column 1. (MOVWF)
Warning[203] D:\SEM_7\MICRO_PROCESSEUR_I\TP\MP\MP3\NEW FOLDER\TP3EX6.X\TP3EX6.ASM 33 : Found opcode in column 1. (BSF)
Warning[203] D:\SEM_7\MICRO_PROCESSEUR_I\TP\MP\MP3\NEW FOLDER\TP3EX6.X\TP3EX6.ASM 34 : Found opcode in column 1. (RETFIE)
Warning[205] D:\SEM_7\MICRO_PROCESSEUR_I\TP\MP\MP3\NEW FOLDER\TP3EX6.X\TP3EX6.ASM 35 : Found directive in column 1. (END)
