Warning[205] D:\SEM_7\MICRO_PROCESSEUR_I\TP\MP\MP3\NEW FOLDER\TP3EX4.X\TP3EX4.ASM 1 : Found directive in column 1. (LIST)
Warning[205] D:\SEM_7\MICRO_PROCESSEUR_I\TP\MP\MP3\NEW FOLDER\TP3EX4.X\TP3EX4.ASM 3 : Found directive in column 1. (__CONFIG)
Warning[205] D:\SEM_7\MICRO_PROCESSEUR_I\TP\MP\MP3\NEW FOLDER\TP3EX4.X\TP3EX4.ASM 4 : Found directive in column 1. (ORG)
Warning[205] D:\SEM_7\MICRO_PROCESSEUR_I\TP\MP\MP3\NEW FOLDER\TP3EX4.X\TP3EX4.ASM 6 : Found directive in column 1. (ORG)
Warning[203] D:\SEM_7\MICRO_PROCESSEUR_I\TP\MP\MP3\NEW FOLDER\TP3EX4.X\TP3EX4.ASM 8 : Found opcode in column 1. (BSF)
Warning[203] D:\SEM_7\MICRO_PROCESSEUR_I\TP\MP\MP3\NEW FOLDER\TP3EX4.X\TP3EX4.ASM 9 : Found opcode in column 1. (BSF)
Warning[203] D:\SEM_7\MICRO_PROCESSEUR_I\TP\MP\MP3\NEW FOLDER\TP3EX4.X\TP3EX4.ASM 10 : Found opcode in column 1. (CLRF)
Message[302] D:\SEM_7\MICRO_PROCESSEUR_I\TP\MP\MP3\NEW FOLDER\TP3EX4.X\TP3EX4.ASM 10 : Register in operand not in bank 0.  Ensure that bank bits are correct.
Warning[203] D:\SEM_7\MICRO_PROCESSEUR_I\TP\MP\MP3\NEW FOLDER\TP3EX4.X\TP3EX4.ASM 11 : Found opcode in column 1. (CLRF)
Message[302] D:\SEM_7\MICRO_PROCESSEUR_I\TP\MP\MP3\NEW FOLDER\TP3EX4.X\TP3EX4.ASM 11 : Register in operand not in bank 0.  Ensure that bank bits are correct.
Warning[203] D:\SEM_7\MICRO_PROCESSEUR_I\TP\MP\MP3\NEW FOLDER\TP3EX4.X\TP3EX4.ASM 12 : Found opcode in column 1. (BSF)
Warning[203] D:\SEM_7\MICRO_PROCESSEUR_I\TP\MP\MP3\NEW FOLDER\TP3EX4.X\TP3EX4.ASM 13 : Found opcode in column 1. (BCF)
Warning[203] D:\SEM_7\MICRO_PROCESSEUR_I\TP\MP\MP3\NEW FOLDER\TP3EX4.X\TP3EX4.ASM 14 : Found opcode in column 1. (CLRF)
Message[302] D:\SEM_7\MICRO_PROCESSEUR_I\TP\MP\MP3\NEW FOLDER\TP3EX4.X\TP3EX4.ASM 14 : Register in operand not in bank 0.  Ensure that bank bits are correct.
Warning[203] D:\SEM_7\MICRO_PROCESSEUR_I\TP\MP\MP3\NEW FOLDER\TP3EX4.X\TP3EX4.ASM 15 : Found opcode in column 1. (MOVLW)
Warning[203] D:\SEM_7\MICRO_PROCESSEUR_I\TP\MP\MP3\NEW FOLDER\TP3EX4.X\TP3EX4.ASM 16 : Found opcode in column 1. (MOVWF)
Message[302] D:\SEM_7\MICRO_PROCESSEUR_I\TP\MP\MP3\NEW FOLDER\TP3EX4.X\TP3EX4.ASM 16 : Register in operand not in bank 0.  Ensure that bank bits are correct.
Warning[203] D:\SEM_7\MICRO_PROCESSEUR_I\TP\MP\MP3\NEW FOLDER\TP3EX4.X\TP3EX4.ASM 17 : Found opcode in column 1. (BCF)
Warning[203] D:\SEM_7\MICRO_PROCESSEUR_I\TP\MP\MP3\NEW FOLDER\TP3EX4.X\TP3EX4.ASM 18 : Found opcode in column 1. (BCF)
Warning[203] D:\SEM_7\MICRO_PROCESSEUR_I\TP\MP\MP3\NEW FOLDER\TP3EX4.X\TP3EX4.ASM 20 : Found opcode in column 1. (movlw)
Warning[203] D:\SEM_7\MICRO_PROCESSEUR_I\TP\MP\MP3\NEW FOLDER\TP3EX4.X\TP3EX4.ASM 21 : Found opcode in column 1. (movwf)
Warning[203] D:\SEM_7\MICRO_PROCESSEUR_I\TP\MP\MP3\NEW FOLDER\TP3EX4.X\TP3EX4.ASM 26 : Found opcode in column 1. (call)
Warning[203] D:\SEM_7\MICRO_PROCESSEUR_I\TP\MP\MP3\NEW FOLDER\TP3EX4.X\TP3EX4.ASM 27 : Found opcode in column 1. (movwf)
Warning[203] D:\SEM_7\MICRO_PROCESSEUR_I\TP\MP\MP3\NEW FOLDER\TP3EX4.X\TP3EX4.ASM 29 : Found opcode in column 1. (CALL)
Warning[203] D:\SEM_7\MICRO_PROCESSEUR_I\TP\MP\MP3\NEW FOLDER\TP3EX4.X\TP3EX4.ASM 31 : Found opcode in column 1. (INCF)
Warning[203] D:\SEM_7\MICRO_PROCESSEUR_I\TP\MP\MP3\NEW FOLDER\TP3EX4.X\TP3EX4.ASM 32 : Found opcode in column 1. (movf)
Warning[203] D:\SEM_7\MICRO_PROCESSEUR_I\TP\MP\MP3\NEW FOLDER\TP3EX4.X\TP3EX4.ASM 34 : Found opcode in column 1. (GOTO)
Warning[203] D:\SEM_7\MICRO_PROCESSEUR_I\TP\MP\MP3\NEW FOLDER\TP3EX4.X\TP3EX4.ASM 40 : Found opcode in column 1. (MOVLW)
Warning[203] D:\SEM_7\MICRO_PROCESSEUR_I\TP\MP\MP3\NEW FOLDER\TP3EX4.X\TP3EX4.ASM 41 : Found opcode in column 1. (MOVWF)
Warning[203] D:\SEM_7\MICRO_PROCESSEUR_I\TP\MP\MP3\NEW FOLDER\TP3EX4.X\TP3EX4.ASM 43 : Found opcode in column 1. (MOVLW)
Warning[203] D:\SEM_7\MICRO_PROCESSEUR_I\TP\MP\MP3\NEW FOLDER\TP3EX4.X\TP3EX4.ASM 46 : Found opcode in column 1. (BTFSS)
Warning[203] D:\SEM_7\MICRO_PROCESSEUR_I\TP\MP\MP3\NEW FOLDER\TP3EX4.X\TP3EX4.ASM 47 : Found opcode in column 1. (GOTO)
Warning[203] D:\SEM_7\MICRO_PROCESSEUR_I\TP\MP\MP3\NEW FOLDER\TP3EX4.X\TP3EX4.ASM 48 : Found opcode in column 1. (BCF)
Warning[203] D:\SEM_7\MICRO_PROCESSEUR_I\TP\MP\MP3\NEW FOLDER\TP3EX4.X\TP3EX4.ASM 49 : Found opcode in column 1. (DECFSZ)
Warning[203] D:\SEM_7\MICRO_PROCESSEUR_I\TP\MP\MP3\NEW FOLDER\TP3EX4.X\TP3EX4.ASM 50 : Found opcode in column 1. (GOTO)
Warning[203] D:\SEM_7\MICRO_PROCESSEUR_I\TP\MP\MP3\NEW FOLDER\TP3EX4.X\TP3EX4.ASM 51 : Found opcode in column 1. (RETURN)
Warning[203] D:\SEM_7\MICRO_PROCESSEUR_I\TP\MP\MP3\NEW FOLDER\TP3EX4.X\TP3EX4.ASM 54 : Found opcode in column 1. (ADDWF)
Warning[203] D:\SEM_7\MICRO_PROCESSEUR_I\TP\MP\MP3\NEW FOLDER\TP3EX4.X\TP3EX4.ASM 55 : Found opcode in column 1. (RETLW)
Warning[203] D:\SEM_7\MICRO_PROCESSEUR_I\TP\MP\MP3\NEW FOLDER\TP3EX4.X\TP3EX4.ASM 56 : Found opcode in column 1. (RETLW)
Warning[203] D:\SEM_7\MICRO_PROCESSEUR_I\TP\MP\MP3\NEW FOLDER\TP3EX4.X\TP3EX4.ASM 57 : Found opcode in column 1. (RETLW)
Warning[203] D:\SEM_7\MICRO_PROCESSEUR_I\TP\MP\MP3\NEW FOLDER\TP3EX4.X\TP3EX4.ASM 58 : Found opcode in column 1. (RETLW)
Warning[203] D:\SEM_7\MICRO_PROCESSEUR_I\TP\MP\MP3\NEW FOLDER\TP3EX4.X\TP3EX4.ASM 59 : Found opcode in column 1. (RETLW)
Warning[203] D:\SEM_7\MICRO_PROCESSEUR_I\TP\MP\MP3\NEW FOLDER\TP3EX4.X\TP3EX4.ASM 60 : Found opcode in column 1. (RETLW)
Warning[203] D:\SEM_7\MICRO_PROCESSEUR_I\TP\MP\MP3\NEW FOLDER\TP3EX4.X\TP3EX4.ASM 61 : Found opcode in column 1. (RETLW)
Warning[203] D:\SEM_7\MICRO_PROCESSEUR_I\TP\MP\MP3\NEW FOLDER\TP3EX4.X\TP3EX4.ASM 62 : Found opcode in column 1. (RETLW)
Warning[203] D:\SEM_7\MICRO_PROCESSEUR_I\TP\MP\MP3\NEW FOLDER\TP3EX4.X\TP3EX4.ASM 63 : Found opcode in column 1. (RETLW)
Warning[203] D:\SEM_7\MICRO_PROCESSEUR_I\TP\MP\MP3\NEW FOLDER\TP3EX4.X\TP3EX4.ASM 64 : Found opcode in column 1. (RETLW)
Warning[205] D:\SEM_7\MICRO_PROCESSEUR_I\TP\MP\MP3\NEW FOLDER\TP3EX4.X\TP3EX4.ASM 66 : Found directive in column 1. (END)
